[0327/132221.610:ERROR:crash_report_database_win.cc(563)] CreateDirectory C:\Program Files (x86)\temp: Access is denied. (0x5)
[0327/132221.720:ERROR:registration_protocol_win.cc(83)] TransactNamedPipe: The pipe has been ended. (0x6D)
[0327/132221.782:ERROR:crashpad_win.cc(223)] Crashpad handler failed to start, crash reporting disabled
[0327/132249.101:ERROR:crash_report_database_win.cc(563)] CreateDirectory C:\Program Files (x86)\temp: Access is denied. (0x5)
[0327/132249.179:ERROR:registration_protocol_win.cc(83)] TransactNamedPipe: The pipe has been ended. (0x6D)
[0327/132249.226:ERROR:crashpad_win.cc(223)] Crashpad handler failed to start, crash reporting disabled
[0327/203740.578:ERROR:crash_report_database_win.cc(563)] CreateDirectory C:\Program Files (x86)\temp: Access is denied. (0x5)
[0327/203740.578:ERROR:crash_report_database_win.cc(563)] CreateDirectory C:\Program Files (x86)\temp: Access is denied. (0x5)
[0327/203740.593:ERROR:crash_report_database_win.cc(563)] CreateDirectory C:\Program Files (x86)\temp: Access is denied. (0x5)
[0327/203740.593:ERROR:crash_report_database_win.cc(563)] CreateDirectory C:\Program Files (x86)\temp: Access is denied. (0x5)
[0327/203740.656:ERROR:crash_report_database_win.cc(563)] CreateDirectory C:\Program Files (x86)\temp: Access is denied. (0x5)
[0327/203740.671:ERROR:crash_report_database_win.cc(563)] CreateDirectory C:\Program Files (x86)\temp: Access is denied. (0x5)
[0327/203740.718:ERROR:crash_report_database_win.cc(563)] CreateDirectory C:\Program Files (x86)\temp: Access is denied. (0x5)
[0327/203740.750:ERROR:crash_report_database_win.cc(563)] CreateDirectory C:\Program Files (x86)\temp: Access is denied. (0x5)
[0327/203740.750:ERROR:crash_report_database_win.cc(563)] CreateDirectory C:\Program Files (x86)\temp: Access is denied. (0x5)
[0327/203740.765:ERROR:crash_report_database_win.cc(563)] CreateDirectory C:\Program Files (x86)\temp: Access is denied. (0x5)
[0327/203740.796:ERROR:crash_report_database_win.cc(563)] CreateDirectory C:\Program Files (x86)\temp: Access is denied. (0x5)
[0327/203740.796:ERROR:crash_report_database_win.cc(563)] CreateDirectory C:\Program Files (x86)\temp: Access is denied. (0x5)
[0327/203740.828:ERROR:crash_report_database_win.cc(563)] CreateDirectory C:\Program Files (x86)\temp: Access is denied. (0x5)
[0327/203740.828:ERROR:registration_protocol_win.cc(83)] TransactNamedPipe: The pipe has been ended. (0x6D)
[0327/203740.843:ERROR:crash_report_database_win.cc(563)] CreateDirectory C:\Program Files (x86)\temp: Access is denied. (0x5)
[0327/203826.075:ERROR:crash_report_database_win.cc(563)] CreateDirectory C:\Program Files (x86)\temp: Access is denied. (0x5)
[0327/203826.091:ERROR:crash_report_database_win.cc(563)] CreateDirectory C:\Program Files (x86)\temp: Access is denied. (0x5)
[0327/203826.091:ERROR:crash_report_database_win.cc(563)] CreateDirectory C:\Program Files (x86)\temp: Access is denied. (0x5)
[0327/203826.106:ERROR:crash_report_database_win.cc(563)] CreateDirectory C:\Program Files (x86)\temp: Access is denied. (0x5)
[0327/203826.106:ERROR:crash_report_database_win.cc(563)] CreateDirectory C:\Program Files (x86)\temp: Access is denied. (0x5)
[0327/203826.138:ERROR:crash_report_database_win.cc(563)] CreateDirectory C:\Program Files (x86)\temp: Access is denied. (0x5)
[0327/203826.153:ERROR:crash_report_database_win.cc(563)] CreateDirectory C:\Program Files (x86)\temp: Access is denied. (0x5)
[0327/203826.356:ERROR:crash_report_database_win.cc(563)] CreateDirectory C:\Program Files (x86)\temp: Access is denied. (0x5)
[0327/203826.388:ERROR:registration_protocol_win.cc(83)] TransactNamedPipe: The pipe has been ended. (0x6D)
[0327/203826.403:ERROR:registration_protocol_win.cc(83)] TransactNamedPipe: The pipe has been ended. (0x6D)
[0327/203826.403:ERROR:registration_protocol_win.cc(83)] TransactNamedPipe: The pipe has been ended. (0x6D)
[0327/203826.403:ERROR:registration_protocol_win.cc(83)] TransactNamedPipe: The pipe has been ended. (0x6D)
[0327/203826.403:ERROR:registration_protocol_win.cc(83)] TransactNamedPipe: The pipe has been ended. (0x6D)
[0327/203826.419:ERROR:registration_protocol_win.cc(83)] TransactNamedPipe: The pipe has been ended. (0x6D)
[0327/203826.434:ERROR:registration_protocol_win.cc(83)] TransactNamedPipe: The pipe has been ended. (0x6D)
[0327/203826.513:ERROR:crashpad_win.cc(223)] Crashpad handler failed to start, crash reporting disabled
[0327/203826.559:ERROR:crashpad_win.cc(223)] Crashpad handler failed to start, crash reporting disabled
[0327/203826.700:ERROR:crashpad_win.cc(223)] Crashpad handler failed to start, crash reporting disabled
[0327/203826.778:ERROR:crashpad_win.cc(223)] Crashpad handler failed to start, crash reporting disabled
[0327/203826.778:ERROR:crashpad_win.cc(223)] Crashpad handler failed to start, crash reporting disabled
[0327/203826.778:ERROR:crashpad_win.cc(223)] Crashpad handler failed to start, crash reporting disabled
[0327/203826.919:ERROR:crashpad_win.cc(223)] Crashpad handler failed to start, crash reporting disabled
[0327/203847.916:ERROR:crash_report_database_win.cc(563)] CreateDirectory C:\Program Files (x86)\temp: Access is denied. (0x5)
[0327/203848.010:ERROR:registration_protocol_win.cc(83)] TransactNamedPipe: The pipe has been ended. (0x6D)
[0327/203848.104:ERROR:crashpad_win.cc(223)] Crashpad handler failed to start, crash reporting disabled
[0327/203853.499:ERROR:crash_report_database_win.cc(563)] CreateDirectory C:\Program Files (x86)\temp: Access is denied. (0x5)
[0327/203853.577:ERROR:registration_protocol_win.cc(83)] TransactNamedPipe: The pipe has been ended. (0x6D)
[0327/203853.608:ERROR:crashpad_win.cc(223)] Crashpad handler failed to start, crash reporting disabled
[0327/203901.419:ERROR:crash_report_database_win.cc(563)] CreateDirectory C:\Program Files (x86)\temp: Access is denied. (0x5)
[0327/203901.497:ERROR:registration_protocol_win.cc(83)] TransactNamedPipe: The pipe has been ended. (0x6D)
[0327/203901.529:ERROR:crashpad_win.cc(223)] Crashpad handler failed to start, crash reporting disabled
[0327/203903.663:ERROR:crash_report_database_win.cc(563)] CreateDirectory C:\Program Files (x86)\temp: Access is denied. (0x5)
[0327/203903.741:ERROR:registration_protocol_win.cc(83)] TransactNamedPipe: The pipe has been ended. (0x6D)
[0327/203903.772:ERROR:crashpad_win.cc(223)] Crashpad handler failed to start, crash reporting disabled
[0327/203906.526:ERROR:crash_report_database_win.cc(563)] CreateDirectory C:\Program Files (x86)\temp: Access is denied. (0x5)
[0327/203906.604:ERROR:registration_protocol_win.cc(83)] TransactNamedPipe: The pipe has been ended. (0x6D)
[0327/203906.635:ERROR:crashpad_win.cc(223)] Crashpad handler failed to start, crash reporting disabled
[0327/203908.673:ERROR:crash_report_database_win.cc(563)] CreateDirectory C:\Program Files (x86)\temp: Access is denied. (0x5)
[0327/203908.751:ERROR:registration_protocol_win.cc(83)] TransactNamedPipe: The pipe has been ended. (0x6D)
[0327/203908.767:ERROR:crashpad_win.cc(223)] Crashpad handler failed to start, crash reporting disabled
[0327/203910.502:ERROR:crash_report_database_win.cc(563)] CreateDirectory C:\Program Files (x86)\temp: Access is denied. (0x5)
[0327/203910.581:ERROR:registration_protocol_win.cc(83)] TransactNamedPipe: The pipe has been ended. (0x6D)
[0327/203910.617:ERROR:crashpad_win.cc(223)] Crashpad handler failed to start, crash reporting disabled
[0327/203912.270:ERROR:crash_report_database_win.cc(563)] CreateDirectory C:\Program Files (x86)\temp: Access is denied. (0x5)
[0327/203912.348:ERROR:registration_protocol_win.cc(83)] TransactNamedPipe: The pipe has been ended. (0x6D)
[0327/203912.395:ERROR:crashpad_win.cc(223)] Crashpad handler failed to start, crash reporting disabled
[0328/045052.545:ERROR:crash_report_database_win.cc(563)] CreateDirectory C:\Program Files (x86)\temp: Access is denied. (0x5)
[0328/045052.576:ERROR:crash_report_database_win.cc(563)] CreateDirectory C:\Program Files (x86)\temp: Access is denied. (0x5)
[0328/045052.607:ERROR:crash_report_database_win.cc(563)] CreateDirectory C:\Program Files (x86)\temp: Access is denied. (0x5)
[0328/045052.639:ERROR:crash_report_database_win.cc(563)] CreateDirectory C:\Program Files (x86)\temp: Access is denied. (0x5)
[0328/045052.686:ERROR:registration_protocol_win.cc(83)] TransactNamedPipe: The pipe has been ended. (0x6D)
[0328/045052.732:ERROR:crash_report_database_win.cc(563)] CreateDirectory C:\Program Files (x86)\temp: Access is denied. (0x5)
[0328/045052.764:ERROR:registration_protocol_win.cc(83)] TransactNamedPipe: The pipe has been ended. (0x6D)
[0328/045052.811:ERROR:registration_protocol_win.cc(83)] TransactNamedPipe: The pipe has been ended. (0x6D)
[0328/045052.826:ERROR:crash_report_database_win.cc(563)] CreateDirectory C:\Program Files (x86)\temp: Access is denied. (0x5)
[0328/045052.857:ERROR:crashpad_win.cc(223)] Crashpad handler failed to start, crash reporting disabled
[0328/045052.857:ERROR:crash_report_database_win.cc(563)] CreateDirectory C:\Program Files (x86)\temp: Access is denied. (0x5)
[0328/045052.873:ERROR:crash_report_database_win.cc(563)] CreateDirectory C:\Program Files (x86)\temp: Access is denied. (0x5)
[0328/045052.873:ERROR:registration_protocol_win.cc(83)] TransactNamedPipe: The pipe has been ended. (0x6D)
[0328/045052.889:ERROR:crashpad_win.cc(223)] Crashpad handler failed to start, crash reporting disabled
[0328/045052.920:ERROR:crash_report_database_win.cc(563)] CreateDirectory C:\Program Files (x86)\temp: Access is denied. (0x5)
[0328/045052.936:ERROR:registration_protocol_win.cc(83)] TransactNamedPipe: The pipe has been ended. (0x6D)
[0328/045052.982:ERROR:crashpad_win.cc(223)] Crashpad handler failed to start, crash reporting disabled
[0328/045053.107:ERROR:crash_report_database_win.cc(563)] CreateDirectory C:\Program Files (x86)\temp: Access is denied. (0x5)
[0328/045053.107:ERROR:crashpad_win.cc(223)] Crashpad handler failed to start, crash reporting disabled
[0328/045053.233:ERROR:registration_protocol_win.cc(83)] TransactNamedPipe: The pipe has been ended. (0x6D)
[0328/045053.264:ERROR:registration_protocol_win.cc(83)] TransactNamedPipe: The pipe has been ended. (0x6D)
[0328/045053.342:ERROR:crashpad_win.cc(223)] Crashpad handler failed to start, crash reporting disabled
[0328/045053.451:ERROR:crashpad_win.cc(223)] Crashpad handler failed to start, crash reporting disabled
[0328/045053.483:ERROR:crashpad_win.cc(223)] Crashpad handler failed to start, crash reporting disabled
[0328/045053.576:ERROR:registration_protocol_win.cc(83)] TransactNamedPipe: The pipe has been ended. (0x6D)
[0328/045053.717:ERROR:crashpad_win.cc(223)] Crashpad handler failed to start, crash reporting disabled
[0328/045101.394:ERROR:crash_report_database_win.cc(563)] CreateDirectory C:\Program Files (x86)\temp: Access is denied. (0x5)
[0328/045101.488:ERROR:registration_protocol_win.cc(83)] TransactNamedPipe: The pipe has been ended. (0x6D)
[0328/045101.551:ERROR:crashpad_win.cc(223)] Crashpad handler failed to start, crash reporting disabled
[0328/045118.855:ERROR:crash_report_database_win.cc(563)] CreateDirectory C:\Program Files (x86)\temp: Access is denied. (0x5)
[0328/045118.933:ERROR:registration_protocol_win.cc(83)] TransactNamedPipe: The pipe has been ended. (0x6D)
[0328/045118.980:ERROR:crashpad_win.cc(223)] Crashpad handler failed to start, crash reporting disabled
[0328/095535.398:ERROR:crash_report_database_win.cc(563)] CreateDirectory C:\Program Files (x86)\temp: Access is denied. (0x5)
[0328/095535.492:ERROR:registration_protocol_win.cc(83)] TransactNamedPipe: The pipe has been ended. (0x6D)
[0328/095535.523:ERROR:crashpad_win.cc(223)] Crashpad handler failed to start, crash reporting disabled
[0328/095549.680:ERROR:crash_report_database_win.cc(563)] CreateDirectory C:\Program Files (x86)\temp: Access is denied. (0x5)
[0328/095549.758:ERROR:registration_protocol_win.cc(83)] TransactNamedPipe: The pipe has been ended. (0x6D)
[0328/095549.805:ERROR:crashpad_win.cc(223)] Crashpad handler failed to start, crash reporting disabled
[0328/095711.554:ERROR:crash_report_database_win.cc(563)] CreateDirectory C:\Program Files (x86)\temp: Access is denied. (0x5)
[0328/095711.663:ERROR:registration_protocol_win.cc(60)] WaitNamedPipe: The system cannot find the file specified. (0x2)
[0328/095711.710:ERROR:crashpad_win.cc(223)] Crashpad handler failed to start, crash reporting disabled
[0328/113343.795:ERROR:crash_report_database_win.cc(563)] CreateDirectory C:\Program Files (x86)\temp: Access is denied. (0x5)
[0328/113343.902:ERROR:crash_report_database_win.cc(563)] CreateDirectory C:\Program Files (x86)\temp: Access is denied. (0x5)
[0328/113343.934:ERROR:registration_protocol_win.cc(83)] TransactNamedPipe: The pipe has been ended. (0x6D)
[0331/230215.958:ERROR:file_io_win.cc(163)] CreateFile C:\Program Files (x86)\temp\settings.dat: Access is denied. (0x5)
[0331/230216.151:ERROR:registration_protocol_win.cc(83)] TransactNamedPipe: The pipe has been ended. (0x6D)
[0331/230217.068:ERROR:crashpad_win.cc(223)] Crashpad handler failed to start, crash reporting disabled
[0401/033917.087:ERROR:file_io_win.cc(163)] CreateFile C:\Program Files (x86)\temp\settings.dat: Access is denied. (0x5)
[0401/033917.215:ERROR:registration_protocol_win.cc(83)] TransactNamedPipe: The pipe has been ended. (0x6D)
[0401/033917.605:ERROR:crashpad_win.cc(223)] Crashpad handler failed to start, crash reporting disabled
[0401/034246.824:ERROR:file_io_win.cc(163)] CreateFile C:\Program Files (x86)\temp\settings.dat: Access is denied. (0x5)
[0401/034247.018:ERROR:registration_protocol_win.cc(83)] TransactNamedPipe: The pipe has been ended. (0x6D)
[0401/034249.841:ERROR:crashpad_win.cc(223)] Crashpad handler failed to start, crash reporting disabled
[0401/035301.656:ERROR:file_io_win.cc(163)] CreateFile C:\Program Files (x86)\temp\settings.dat: Access is denied. (0x5)
[0401/035301.893:ERROR:registration_protocol_win.cc(83)] TransactNamedPipe: The pipe has been ended. (0x6D)
[0401/035302.041:ERROR:crashpad_win.cc(223)] Crashpad handler failed to start, crash reporting disabled
[0401/042737.857:ERROR:file_io_win.cc(163)] CreateFile C:\Program Files (x86)\temp\settings.dat: Access is denied. (0x5)
[0401/042737.966:ERROR:registration_protocol_win.cc(83)] TransactNamedPipe: The pipe has been ended. (0x6D)
[0401/042738.124:ERROR:crashpad_win.cc(223)] Crashpad handler failed to start, crash reporting disabled
[0401/043748.199:ERROR:file_io_win.cc(163)] CreateFile C:\Program Files (x86)\temp\settings.dat: Access is denied. (0x5)
[0401/043748.268:ERROR:file_io_win.cc(163)] CreateFile C:\Program Files (x86)\temp\settings.dat: Access is denied. (0x5)
[0401/043748.278:ERROR:registration_protocol_win.cc(83)] TransactNamedPipe: The pipe has been ended. (0x6D)
[0401/043748.590:ERROR:crashpad_win.cc(223)] Crashpad handler failed to start, crash reporting disabled
[0401/055054.924:ERROR:file_io_win.cc(163)] CreateFile C:\Program Files (x86)\temp\settings.dat: Access is denied. (0x5)
[0401/055054.997:ERROR:registration_protocol_win.cc(83)] TransactNamedPipe: The pipe has been ended. (0x6D)
[0401/055055.431:ERROR:crashpad_win.cc(223)] Crashpad handler failed to start, crash reporting disabled
[0401/055114.464:ERROR:file_io_win.cc(163)] CreateFile C:\Program Files (x86)\temp\settings.dat: Access is denied. (0x5)
[0401/055114.643:ERROR:registration_protocol_win.cc(83)] TransactNamedPipe: The pipe has been ended. (0x6D)
[0401/055114.706:ERROR:crashpad_win.cc(223)] Crashpad handler failed to start, crash reporting disabled
[0401/160755.146:ERROR:file_io_win.cc(163)] CreateFile C:\Program Files (x86)\temp\settings.dat: Access is denied. (0x5)
[0401/160755.372:ERROR:file_io_win.cc(163)] CreateFile C:\Program Files (x86)\temp\settings.dat: Access is denied. (0x5)
[0401/160755.377:ERROR:registration_protocol_win.cc(83)] TransactNamedPipe: The pipe has been ended. (0x6D)
[0401/160755.769:ERROR:crashpad_win.cc(223)] Crashpad handler failed to start, crash reporting disabled
[0401/163604.417:ERROR:file_io_win.cc(163)] CreateFile C:\Program Files (x86)\temp\settings.dat: Access is denied. (0x5)
[0401/163604.502:ERROR:registration_protocol_win.cc(83)] TransactNamedPipe: The pipe has been ended. (0x6D)
[0401/163604.913:ERROR:crashpad_win.cc(223)] Crashpad handler failed to start, crash reporting disabled
[0401/165303.080:ERROR:file_io_win.cc(163)] CreateFile C:\Program Files (x86)\temp\settings.dat: Access is denied. (0x5)
[0401/165303.173:ERROR:registration_protocol_win.cc(83)] TransactNamedPipe: The pipe has been ended. (0x6D)
[0401/165303.436:ERROR:crashpad_win.cc(223)] Crashpad handler failed to start, crash reporting disabled
[0401/170732.990:ERROR:file_io_win.cc(163)] CreateFile C:\Program Files (x86)\temp\settings.dat: Access is denied. (0x5)
[0401/170733.095:ERROR:registration_protocol_win.cc(83)] TransactNamedPipe: The pipe has been ended. (0x6D)
[0401/170733.270:ERROR:crashpad_win.cc(223)] Crashpad handler failed to start, crash reporting disabled
[0401/170739.404:ERROR:file_io_win.cc(163)] CreateFile C:\Program Files (x86)\temp\settings.dat: Access is denied. (0x5)
[0401/170739.484:ERROR:registration_protocol_win.cc(83)] TransactNamedPipe: The pipe has been ended. (0x6D)
[0401/170739.693:ERROR:crashpad_win.cc(223)] Crashpad handler failed to start, crash reporting disabled
[0401/170746.273:ERROR:file_io_win.cc(163)] CreateFile C:\Program Files (x86)\temp\settings.dat: Access is denied. (0x5)
[0401/170746.373:ERROR:registration_protocol_win.cc(83)] TransactNamedPipe: The pipe has been ended. (0x6D)
[0401/170746.572:ERROR:crashpad_win.cc(223)] Crashpad handler failed to start, crash reporting disabled
[0401/170752.501:ERROR:file_io_win.cc(163)] CreateFile C:\Program Files (x86)\temp\settings.dat: Access is denied. (0x5)
[0401/170752.582:ERROR:registration_protocol_win.cc(83)] TransactNamedPipe: The pipe has been ended. (0x6D)
[0401/170752.782:ERROR:crashpad_win.cc(223)] Crashpad handler failed to start, crash reporting disabled
[0401/175943.454:ERROR:file_io_win.cc(163)] CreateFile C:\Program Files (x86)\temp\settings.dat: Access is denied. (0x5)
[0401/175943.544:ERROR:registration_protocol_win.cc(83)] TransactNamedPipe: The pipe has been ended. (0x6D)
[0401/175943.798:ERROR:crashpad_win.cc(223)] Crashpad handler failed to start, crash reporting disabled
[0402/023447.347:ERROR:file_io_win.cc(163)] CreateFile C:\Program Files (x86)\temp\settings.dat: Access is denied. (0x5)
[0402/023447.686:ERROR:registration_protocol_win.cc(83)] TransactNamedPipe: The pipe has been ended. (0x6D)
[0402/023448.135:ERROR:crashpad_win.cc(223)] Crashpad handler failed to start, crash reporting disabled
[0404/012021.605:ERROR:file_io_win.cc(163)] CreateFile C:\Program Files (x86)\temp\settings.dat: Access is denied. (0x5)
[0404/012021.667:ERROR:registration_protocol_win.cc(83)] TransactNamedPipe: The pipe has been ended. (0x6D)
[0404/012021.745:ERROR:crashpad_win.cc(223)] Crashpad handler failed to start, crash reporting disabled
[0405/153438.295:ERROR:file_io_win.cc(163)] CreateFile C:\Program Files (x86)\temp\settings.dat: Access is denied. (0x5)
[0405/153438.363:ERROR:registration_protocol_win.cc(83)] TransactNamedPipe: The pipe has been ended. (0x6D)
[0405/153438.943:ERROR:crashpad_win.cc(223)] Crashpad handler failed to start, crash reporting disabled
[0405/153449.418:ERROR:file_io_win.cc(163)] CreateFile C:\Program Files (x86)\temp\settings.dat: Access is denied. (0x5)
[0405/153449.589:ERROR:registration_protocol_win.cc(83)] TransactNamedPipe: The pipe has been ended. (0x6D)
[0405/153449.689:ERROR:crashpad_win.cc(223)] Crashpad handler failed to start, crash reporting disabled
[0405/153455.980:ERROR:file_io_win.cc(163)] CreateFile C:\Program Files (x86)\temp\settings.dat: Access is denied. (0x5)
[0405/153456.203:ERROR:registration_protocol_win.cc(83)] TransactNamedPipe: The pipe has been ended. (0x6D)
[0405/153456.270:ERROR:crashpad_win.cc(223)] Crashpad handler failed to start, crash reporting disabled
[0405/153503.732:ERROR:file_io_win.cc(163)] CreateFile C:\Program Files (x86)\temp\settings.dat: Access is denied. (0x5)
[0405/153503.900:ERROR:registration_protocol_win.cc(83)] TransactNamedPipe: The pipe has been ended. (0x6D)
[0405/153504.011:ERROR:crashpad_win.cc(223)] Crashpad handler failed to start, crash reporting disabled
[0405/153510.358:ERROR:file_io_win.cc(163)] CreateFile C:\Program Files (x86)\temp\settings.dat: Access is denied. (0x5)
[0405/153510.605:ERROR:registration_protocol_win.cc(83)] TransactNamedPipe: The pipe has been ended. (0x6D)
[0405/153510.649:ERROR:crashpad_win.cc(223)] Crashpad handler failed to start, crash reporting disabled
[0405/153516.814:ERROR:file_io_win.cc(163)] CreateFile C:\Program Files (x86)\temp\settings.dat: Access is denied. (0x5)
[0405/153517.027:ERROR:registration_protocol_win.cc(83)] TransactNamedPipe: The pipe has been ended. (0x6D)
[0405/153517.089:ERROR:crashpad_win.cc(223)] Crashpad handler failed to start, crash reporting disabled
[0405/153700.568:ERROR:file_io_win.cc(163)] CreateFile C:\Program Files (x86)\temp\settings.dat: Access is denied. (0x5)
[0405/153700.770:ERROR:registration_protocol_win.cc(83)] TransactNamedPipe: The pipe has been ended. (0x6D)
[0405/153700.854:ERROR:crashpad_win.cc(223)] Crashpad handler failed to start, crash reporting disabled
[0405/153936.537:ERROR:file_io_win.cc(163)] CreateFile C:\Program Files (x86)\temp\settings.dat: Access is denied. (0x5)
[0405/153936.700:ERROR:registration_protocol_win.cc(83)] TransactNamedPipe: The pipe has been ended. (0x6D)
[0405/153936.835:ERROR:crashpad_win.cc(223)] Crashpad handler failed to start, crash reporting disabled
[0406/032938.400:ERROR:file_io_win.cc(163)] CreateFile C:\Program Files (x86)\temp\settings.dat: Access is denied. (0x5)
[0406/032938.477:ERROR:file_io_win.cc(163)] CreateFile C:\Program Files (x86)\temp\settings.dat: Access is denied. (0x5)
[0406/032938.482:ERROR:registration_protocol_win.cc(83)] TransactNamedPipe: The pipe has been ended. (0x6D)
[0406/032939.286:ERROR:crashpad_win.cc(223)] Crashpad handler failed to start, crash reporting disabled
[0406/040713.165:ERROR:file_io_win.cc(163)] CreateFile C:\Program Files (x86)\temp\settings.dat: Access is denied. (0x5)
[0406/040713.338:ERROR:file_io_win.cc(163)] CreateFile C:\Program Files (x86)\temp\settings.dat: Access is denied. (0x5)
[0406/040713.341:ERROR:registration_protocol_win.cc(83)] TransactNamedPipe: The pipe has been ended. (0x6D)
[0406/040714.156:ERROR:crashpad_win.cc(223)] Crashpad handler failed to start, crash reporting disabled
[0406/040732.747:ERROR:file_io_win.cc(163)] CreateFile C:\Program Files (x86)\temp\settings.dat: Access is denied. (0x5)
[0406/040732.832:ERROR:registration_protocol_win.cc(83)] TransactNamedPipe: The pipe has been ended. (0x6D)
[0406/040733.573:ERROR:crashpad_win.cc(223)] Crashpad handler failed to start, crash reporting disabled
[0406/040755.475:ERROR:file_io_win.cc(163)] CreateFile C:\Program Files (x86)\temp\settings.dat: Access is denied. (0x5)
[0406/040755.764:ERROR:registration_protocol_win.cc(83)] TransactNamedPipe: The pipe has been ended. (0x6D)
[0406/040756.413:ERROR:crashpad_win.cc(223)] Crashpad handler failed to start, crash reporting disabled
[0406/040929.696:ERROR:file_io_win.cc(163)] CreateFile C:\Program Files (x86)\temp\settings.dat: Access is denied. (0x5)
[0406/040929.772:ERROR:registration_protocol_win.cc(83)] TransactNamedPipe: The pipe has been ended. (0x6D)
[0406/040930.966:ERROR:crashpad_win.cc(223)] Crashpad handler failed to start, crash reporting disabled
[0406/041144.976:ERROR:file_io_win.cc(163)] CreateFile C:\Program Files (x86)\temp\settings.dat: Access is denied. (0x5)
[0406/041145.149:ERROR:registration_protocol_win.cc(83)] TransactNamedPipe: The pipe has been ended. (0x6D)
[0406/041146.249:ERROR:crashpad_win.cc(223)] Crashpad handler failed to start, crash reporting disabled
[0413/045251.896:ERROR:file_io_win.cc(163)] CreateFile C:\Program Files (x86)\temp\settings.dat: Access is denied. (0x5)
[0413/045252.016:ERROR:registration_protocol_win.cc(83)] TransactNamedPipe: The pipe has been ended. (0x6D)
[0413/045252.185:ERROR:crashpad_win.cc(223)] Crashpad handler failed to start, crash reporting disabled
[0413/053037.820:ERROR:file_io_win.cc(163)] CreateFile C:\Program Files (x86)\temp\settings.dat: Access is denied. (0x5)
[0413/053037.926:ERROR:registration_protocol_win.cc(83)] TransactNamedPipe: The pipe has been ended. (0x6D)
[0413/053038.039:ERROR:crashpad_win.cc(223)] Crashpad handler failed to start, crash reporting disabled
[0413/151847.986:ERROR:file_io_win.cc(163)] CreateFile C:\Program Files (x86)\temp\settings.dat: Access is denied. (0x5)
[0413/151848.080:ERROR:registration_protocol_win.cc(83)] TransactNamedPipe: The pipe has been ended. (0x6D)
[0413/151848.127:ERROR:crashpad_win.cc(223)] Crashpad handler failed to start, crash reporting disabled
[0413/151859.880:ERROR:file_io_win.cc(163)] CreateFile C:\Program Files (x86)\temp\settings.dat: Access is denied. (0x5)
[0413/151900.024:ERROR:registration_protocol_win.cc(83)] TransactNamedPipe: The pipe has been ended. (0x6D)
[0413/151900.067:ERROR:crashpad_win.cc(223)] Crashpad handler failed to start, crash reporting disabled
[0413/152315.092:ERROR:file_io_win.cc(163)] CreateFile C:\Program Files (x86)\temp\settings.dat: Access is denied. (0x5)
[0413/152315.234:ERROR:registration_protocol_win.cc(83)] TransactNamedPipe: The pipe has been ended. (0x6D)
[0413/152315.302:ERROR:crashpad_win.cc(223)] Crashpad handler failed to start, crash reporting disabled
[0413/152320.671:ERROR:file_io_win.cc(163)] CreateFile C:\Program Files (x86)\temp\settings.dat: Access is denied. (0x5)
[0413/152320.813:ERROR:registration_protocol_win.cc(83)] TransactNamedPipe: The pipe has been ended. (0x6D)
[0413/152320.882:ERROR:crashpad_win.cc(223)] Crashpad handler failed to start, crash reporting disabled
[0413/152340.694:ERROR:file_io_win.cc(163)] CreateFile C:\Program Files (x86)\temp\settings.dat: Access is denied. (0x5)
[0413/152340.859:ERROR:registration_protocol_win.cc(83)] TransactNamedPipe: The pipe has been ended. (0x6D)
[0413/152340.990:ERROR:crashpad_win.cc(223)] Crashpad handler failed to start, crash reporting disabled
[0413/153413.128:ERROR:file_io_win.cc(163)] CreateFile C:\Program Files (x86)\temp\settings.dat: Access is denied. (0x5)
[0413/153413.222:ERROR:registration_protocol_win.cc(83)] TransactNamedPipe: The pipe has been ended. (0x6D)
[0413/153413.285:ERROR:crashpad_win.cc(223)] Crashpad handler failed to start, crash reporting disabled
[0413/175858.535:ERROR:file_io_win.cc(163)] CreateFile C:\Program Files (x86)\temp\settings.dat: Access is denied. (0x5)
[0413/175858.722:ERROR:registration_protocol_win.cc(83)] TransactNamedPipe: The pipe has been ended. (0x6D)
[0413/175859.115:ERROR:crashpad_win.cc(223)] Crashpad handler failed to start, crash reporting disabled
[0415/022537.087:ERROR:file_io_win.cc(163)] CreateFile C:\Program Files (x86)\temp\settings.dat: Access is denied. (0x5)
[0415/022537.264:ERROR:registration_protocol_win.cc(83)] TransactNamedPipe: The pipe has been ended. (0x6D)
[0415/022537.373:ERROR:crashpad_win.cc(223)] Crashpad handler failed to start, crash reporting disabled
