#
# There is insufficient memory for the Java Runtime Environment to continue.
# Native memory allocation (malloc) failed to allocate 262160 bytes for Chunk::new
# Possible reasons:
#   The system is out of physical RAM or swap space
#   In 32 bit mode, the process size limit was hit
# Possible solutions:
#   Reduce memory load on the system
#   Increase physical memory or swap space
#   Check if swap backing store is full
#   Use 64 bit Java on a 64 bit OS
#   Decrease Java heap size (-Xmx/-Xms)
#   Decrease number of Java threads
#   Decrease Java thread stack sizes (-Xss)
#   Set larger code cache with -XX:ReservedCodeCacheSize=
# This output file may be truncated or incomplete.
#
#  Out of Memory Error (allocation.cpp:390), pid=14528, tid=0x00000000000024dc
#
# JRE version: OpenJDK Runtime Environment (8.0_112-b06) (build 1.8.0_112-release-b06)
# Java VM: OpenJDK 64-Bit Server VM (25.112-b06 mixed mode windows-amd64 compressed oops)
# Failed to write core dump. Minidumps are not enabled by default on client versions of Windows
#

---------------  T H R E A D  ---------------

Current thread (0x0000000016a0a800):  JavaThread "C2 CompilerThread1" daemon [_thread_in_native, id=9436, stack(0x0000000018070000,0x0000000018170000)]

Stack: [0x0000000018070000,0x0000000018170000]
[error occurred during error reporting (printing stack bounds), id 0xc0000005]

Native frames: (J=compiled Java code, j=interpreted, Vv=VM code, C=native code)


Current CompileTask:
C2:   3267 1320       4       java.net.URLClassLoader$1::run (5 bytes)


---------------  P R O C E S S  ---------------

Java Threads: ( => current thread )
  0x0000000019773800 JavaThread "Stdin handler" [_thread_blocked, id=7612, stack(0x000000001afa0000,0x000000001b0a0000)]
  0x000000001978e800 JavaThread "Asynchronous log dispatcher for DefaultDaemonConnection: socket connection from /127.0.0.1:63937 to /127.0.0.1:63940" [_thread_blocked, id=15048, stack(0x000000001aea0000,0x000000001afa0000)]
  0x000000001978d000 JavaThread "Daemon worker" [_thread_in_native, id=14732, stack(0x000000001ada0000,0x000000001aea0000)]
  0x0000000019789800 JavaThread "Cancel handler" [_thread_blocked, id=14604, stack(0x000000001aca0000,0x000000001ada0000)]
  0x000000001952d800 JavaThread "pool-1-thread-1" [_thread_blocked, id=14428, stack(0x000000001aba0000,0x000000001aca0000)]
  0x0000000019755800 JavaThread "Handler for socket connection from /127.0.0.1:63937 to /127.0.0.1:63940" [_thread_in_native, id=14444, stack(0x000000001aaa0000,0x000000001aba0000)]
  0x000000001945a800 JavaThread "Daemon" [_thread_blocked, id=4876, stack(0x000000001a9a0000,0x000000001aaa0000)]
  0x00000000195c2800 JavaThread "Incoming local TCP Connector on port 63937" [_thread_in_native, id=9684, stack(0x000000001a040000,0x000000001a140000)]
  0x0000000018298800 JavaThread "Service Thread" daemon [_thread_blocked, id=14808, stack(0x0000000018670000,0x0000000018770000)]
  0x0000000016a1b800 JavaThread "C1 CompilerThread2" daemon [_thread_blocked, id=3608, stack(0x0000000018170000,0x0000000018270000)]
=>0x0000000016a0a800 JavaThread "C2 CompilerThread1" daemon [_thread_in_native, id=9436, stack(0x0000000018070000,0x0000000018170000)]
  0x0000000016a18000 JavaThread "C2 CompilerThread0" daemon [_thread_blocked, id=836, stack(0x0000000017f70000,0x0000000018070000)]
  0x0000000016a16800 JavaThread "Attach Listener" daemon [_thread_blocked, id=4112, stack(0x0000000017e70000,0x0000000017f70000)]
  0x0000000016a15000 JavaThread "Signal Dispatcher" daemon [_thread_blocked, id=1192, stack(0x0000000017d70000,0x0000000017e70000)]
  0x000000000309b800 JavaThread "Finalizer" daemon [_thread_blocked, id=9340, stack(0x0000000017c70000,0x0000000017d70000)]
  0x00000000169d6000 JavaThread "Reference Handler" daemon [_thread_blocked, id=1860, stack(0x0000000017b70000,0x0000000017c70000)]
  0x0000000002fa0800 JavaThread "main" [_thread_blocked, id=14320, stack(0x0000000002ea0000,0x0000000002fa0000)]

Other Threads:
  0x00000000169d3800 VMThread [stack: 0x0000000017a70000,0x0000000017b70000] [id=14284]
  0x0000000016a26000 WatcherThread [stack: 0x0000000018770000,0x0000000018870000] [id=14452]

VM state:not at safepoint (normal execution)

VM Mutex/Monitor currently owned by a thread: None

Heap:
 PSYoungGen      total 38400K, used 26456K [0x00000000e0000000, 0x00000000e2a80000, 0x0000000100000000)
  eden space 33280K, 64% used [0x00000000e0000000,0x00000000e14dae20,0x00000000e2080000)
  from space 5120K, 99% used [0x00000000e2580000,0x00000000e2a7b3b8,0x00000000e2a80000)
  to   space 5120K, 0% used [0x00000000e2080000,0x00000000e2080000,0x00000000e2580000)
 ParOldGen       total 87552K, used 741K [0x00000000a0000000, 0x00000000a5580000, 0x00000000e0000000)
  object space 87552K, 0% used [0x00000000a0000000,0x00000000a00b97a8,0x00000000a5580000)
 Metaspace       used 15082K, capacity 15430K, committed 15616K, reserved 1062912K
  class space    used 2074K, capacity 2190K, committed 2304K, reserved 1048576K

Card table byte_map: [0x0000000012460000,0x0000000012770000] byte_map_base: 0x0000000011f60000

Marking Bits: (ParMarkBitMap*) 0x000000006d5018f0
 Begin Bits: [0x0000000012d70000, 0x0000000014570000)
 End Bits:   [0x0000000014570000, 0x0000000015d70000)

Polling page: 0x00000000014d0000

CodeCache: size=245760Kb used=4712Kb max_used=4719Kb free=241047Kb
 bounds [0x00000000030a0000, 0x0000000003540000, 0x00000000120a0000]
 total_blobs=1719 nmethods=1332 adapters=301
 compilation: enabled

Compilation events (10 events):
Event: 3.235 Thread 0x0000000016a1b800 nmethod 1330 0x0000000003537d10 code [0x0000000003537e80, 0x0000000003538148]
Event: 3.244 Thread 0x0000000016a18000 nmethod 1323 0x000000000353dc50 code [0x000000000353dde0, 0x000000000353e738]
Event: 3.247 Thread 0x0000000016a1b800 1331       3       java.lang.ReflectiveOperationException::<init> (7 bytes)
Event: 3.248 Thread 0x0000000016a1b800 nmethod 1331 0x00000000035378d0 code [0x0000000003537a40, 0x0000000003537c28]
Event: 3.248 Thread 0x0000000016a1b800 1332       3       java.lang.Exception::<init> (7 bytes)
Event: 3.248 Thread 0x0000000016a1b800 nmethod 1332 0x0000000003537550 code [0x00000000035376c0, 0x0000000003537848]
Event: 3.255 Thread 0x0000000016a1b800 1333  s    3       java.io.ByteArrayInputStream::read (101 bytes)
Event: 3.256 Thread 0x0000000016a1b800 nmethod 1333 0x000000000353d110 code [0x000000000353d2c0, 0x000000000353da28]
Event: 3.260 Thread 0x0000000016a1b800 1334       1       java.security.Permission::getName (5 bytes)
Event: 3.260 Thread 0x0000000016a1b800 nmethod 1334 0x0000000003537290 code [0x00000000035373e0, 0x00000000035374f0]

GC Heap History (4 events):
Event: 1.300 GC heap before
{Heap before GC invocations=1 (full 0):
 PSYoungGen      total 38400K, used 33280K [0x00000000e0000000, 0x00000000e2a80000, 0x0000000100000000)
  eden space 33280K, 100% used [0x00000000e0000000,0x00000000e2080000,0x00000000e2080000)
  from space 5120K, 0% used [0x00000000e2580000,0x00000000e2580000,0x00000000e2a80000)
  to   space 5120K, 0% used [0x00000000e2080000,0x00000000e2080000,0x00000000e2580000)
 ParOldGen       total 87552K, used 0K [0x00000000a0000000, 0x00000000a5580000, 0x00000000e0000000)
  object space 87552K, 0% used [0x00000000a0000000,0x00000000a0000000,0x00000000a5580000)
 Metaspace       used 6790K, capacity 6952K, committed 7040K, reserved 1056768K
  class space    used 832K, capacity 888K, committed 896K, reserved 1048576K
Event: 1.308 GC heap after
Heap after GC invocations=1 (full 0):
 PSYoungGen      total 38400K, used 4296K [0x00000000e0000000, 0x00000000e2a80000, 0x0000000100000000)
  eden space 33280K, 0% used [0x00000000e0000000,0x00000000e0000000,0x00000000e2080000)
  from space 5120K, 83% used [0x00000000e2080000,0x00000000e24b2040,0x00000000e2580000)
  to   space 5120K, 0% used [0x00000000e2580000,0x00000000e2580000,0x00000000e2a80000)
 ParOldGen       total 87552K, used 8K [0x00000000a0000000, 0x00000000a5580000, 0x00000000e0000000)
  object space 87552K, 0% used [0x00000000a0000000,0x00000000a0002000,0x00000000a5580000)
 Metaspace       used 6790K, capacity 6952K, committed 7040K, reserved 1056768K
  class space    used 832K, capacity 888K, committed 896K, reserved 1048576K
}
Event: 2.817 GC heap before
{Heap before GC invocations=2 (full 0):
 PSYoungGen      total 38400K, used 37576K [0x00000000e0000000, 0x00000000e2a80000, 0x0000000100000000)
  eden space 33280K, 100% used [0x00000000e0000000,0x00000000e2080000,0x00000000e2080000)
  from space 5120K, 83% used [0x00000000e2080000,0x00000000e24b2040,0x00000000e2580000)
  to   space 5120K, 0% used [0x00000000e2580000,0x00000000e2580000,0x00000000e2a80000)
 ParOldGen       total 87552K, used 8K [0x00000000a0000000, 0x00000000a5580000, 0x00000000e0000000)
  object space 87552K, 0% used [0x00000000a0000000,0x00000000a0002000,0x00000000a5580000)
 Metaspace       used 13059K, capacity 13382K, committed 13440K, reserved 1060864K
  class space    used 1742K, capacity 1870K, committed 1920K, reserved 1048576K
Event: 2.827 GC heap after
Heap after GC invocations=2 (full 0):
 PSYoungGen      total 38400K, used 5100K [0x00000000e0000000, 0x00000000e2a80000, 0x0000000100000000)
  eden space 33280K, 0% used [0x00000000e0000000,0x00000000e0000000,0x00000000e2080000)
  from space 5120K, 99% used [0x00000000e2580000,0x00000000e2a7b3b8,0x00000000e2a80000)
  to   space 5120K, 0% used [0x00000000e2080000,0x00000000e2080000,0x00000000e2580000)
 ParOldGen       total 87552K, used 741K [0x00000000a0000000, 0x00000000a5580000, 0x00000000e0000000)
  object space 87552K, 0% used [0x00000000a0000000,0x00000000a00b97a8,0x00000000a5580000)
 Metaspace       used 13059K, capacity 13382K, committed 13440K, reserved 1060864K
  class space    used 1742K, capacity 1870K, committed 1920K, reserved 1048576K
}

Deoptimization events (10 events):
Event: 1.941 Thread 0x0000000002fa0800 Uncommon trap: reason=class_check action=maybe_recompile pc=0x0000000003317200 method=java.util.HashMap.putVal(ILjava/lang/Object;Ljava/lang/Object;ZZ)Ljava/lang/Object; @ 203
Event: 2.559 Thread 0x0000000002fa0800 Uncommon trap: reason=unstable_if action=reinterpret pc=0x0000000003387cf0 method=java.util.LinkedHashMap.afterNodeInsertion(Z)V @ 1
Event: 2.569 Thread 0x0000000002fa0800 Uncommon trap: reason=class_check action=maybe_recompile pc=0x0000000003314914 method=java.util.HashMap.putVal(ILjava/lang/Object;Ljava/lang/Object;ZZ)Ljava/lang/Object; @ 203
Event: 2.615 Thread 0x0000000002fa0800 Uncommon trap: reason=unstable_if action=reinterpret pc=0x00000000032f60a8 method=sun.misc.MetaIndex.mayContain(Ljava/lang/String;)Z @ 38
Event: 2.704 Thread 0x000000001978d000 Uncommon trap: reason=bimorphic action=maybe_recompile pc=0x00000000034935fc method=java.util.HashMap.putVal(ILjava/lang/Object;Ljava/lang/Object;ZZ)Ljava/lang/Object; @ 253
Event: 2.704 Thread 0x000000001978d000 Uncommon trap: reason=bimorphic action=maybe_recompile pc=0x00000000034935fc method=java.util.HashMap.putVal(ILjava/lang/Object;Ljava/lang/Object;ZZ)Ljava/lang/Object; @ 253
Event: 2.704 Thread 0x000000001978d000 Uncommon trap: reason=bimorphic action=maybe_recompile pc=0x00000000034935fc method=java.util.HashMap.putVal(ILjava/lang/Object;Ljava/lang/Object;ZZ)Ljava/lang/Object; @ 253
Event: 2.704 Thread 0x000000001978d000 Uncommon trap: reason=bimorphic action=maybe_recompile pc=0x00000000034935fc method=java.util.HashMap.putVal(ILjava/lang/Object;Ljava/lang/Object;ZZ)Ljava/lang/Object; @ 253
Event: 3.013 Thread 0x000000001978d000 Uncommon trap: reason=class_check action=maybe_recompile pc=0x0000000003309fdc method=java.util.regex.Matcher.match(II)Z @ 86
Event: 3.015 Thread 0x000000001978d000 Uncommon trap: reason=class_check action=maybe_recompile pc=0x0000000003309fdc method=java.util.regex.Matcher.match(II)Z @ 86

Internal exceptions (10 events):
Event: 2.602 Thread 0x0000000019755800 Exception <a 'java/lang/NoSuchMethodError': <clinit>> (0x00000000e189dcd8) thrown at [C:\src\android\AOSP-openjdk\external\jetbrains\jdk\hotspot\src\share\vm\prims\jni.cpp, line 1613]
Event: 2.607 Thread 0x0000000019755800 Exception <a 'java/lang/NoSuchMethodError': <clinit>> (0x00000000e18af2f8) thrown at [C:\src\android\AOSP-openjdk\external\jetbrains\jdk\hotspot\src\share\vm\prims\jni.cpp, line 1613]
Event: 2.643 Thread 0x0000000019755800 Exception <a 'java/lang/NoSuchMethodError': <clinit>> (0x00000000e19cf9a8) thrown at [C:\src\android\AOSP-openjdk\external\jetbrains\jdk\hotspot\src\share\vm\prims\jni.cpp, line 1613]
Event: 2.648 Thread 0x0000000019755800 Exception <a 'java/lang/NoSuchMethodError': <clinit>> (0x00000000e19e0098) thrown at [C:\src\android\AOSP-openjdk\external\jetbrains\jdk\hotspot\src\share\vm\prims\jni.cpp, line 1613]
Event: 2.655 Thread 0x0000000019755800 Exception <a 'java/lang/NoSuchMethodError': <clinit>> (0x00000000e1a03008) thrown at [C:\src\android\AOSP-openjdk\external\jetbrains\jdk\hotspot\src\share\vm\prims\jni.cpp, line 1613]
Event: 2.686 Thread 0x000000001978d000 Exception <a 'java/lang/NoSuchMethodError': <clinit>> (0x00000000e1b23860) thrown at [C:\src\android\AOSP-openjdk\external\jetbrains\jdk\hotspot\src\share\vm\prims\jni.cpp, line 1613]
Event: 2.687 Thread 0x000000001978d000 Exception <a 'java/lang/NoSuchMethodError': <clinit>> (0x00000000e1b2bae8) thrown at [C:\src\android\AOSP-openjdk\external\jetbrains\jdk\hotspot\src\share\vm\prims\jni.cpp, line 1613]
Event: 2.767 Thread 0x000000001978d000 Exception <a 'java/lang/ArrayIndexOutOfBoundsException'> (0x00000000e1d778c8) thrown at [C:\src\android\AOSP-openjdk\external\jetbrains\jdk\hotspot\src\share\vm\runtime\sharedRuntime.cpp, line 605]
Event: 2.793 Thread 0x000000001978d000 Exception <a 'java/lang/ArrayIndexOutOfBoundsException'> (0x00000000e1e49b18) thrown at [C:\src\android\AOSP-openjdk\external\jetbrains\jdk\hotspot\src\share\vm\runtime\sharedRuntime.cpp, line 605]
Event: 2.793 Thread 0x000000001978d000 Exception <a 'java/lang/ArrayIndexOutOfBoundsException'> (0x00000000e1e4af90) thrown at [C:\src\android\AOSP-openjdk\external\jetbrains\jdk\hotspot\src\share\vm\runtime\sharedRuntime.cpp, line 605]

Events (10 events):
Event: 3.259 loading class javax/inject/Inject
Event: 3.259 loading class javax/inject/Inject done
Event: 3.260 loading class groovy/lang/Closure
Event: 3.260 loading class groovy/lang/Closure done
Event: 3.261 loading class groovy/lang/GroovyCallable
Event: 3.261 loading class groovy/lang/GroovyCallable done
Event: 3.261 loading class groovy/lang/GroovyObjectSupport
Event: 3.261 loading class groovy/lang/GroovyObjectSupport done
Event: 3.262 loading class org/gradle/api/internal/AsmBackedClassGenerator$ClassBuilderImpl
Event: 3.262 loading class org/gradle/api/internal/AsmBackedClassGenerator$ClassBuilderImpl done


Dynamic libraries:
0x00007ff73ebd0000 - 0x00007ff73ec01000 	C:\Program Files\Android\Android Studio\jre\bin\java.exe
0x00007ffc06120000 - 0x00007ffc062e2000 	C:\Windows\SYSTEM32\ntdll.dll
0x00007ffc05f20000 - 0x00007ffc05fcd000 	C:\Windows\system32\KERNEL32.DLL
0x00007ffc03390000 - 0x00007ffc0356d000 	C:\Windows\system32\KERNELBASE.dll
0x00007ffc04040000 - 0x00007ffc040e6000 	C:\Windows\system32\ADVAPI32.dll
0x00007ffc040f0000 - 0x00007ffc0418d000 	C:\Windows\system32\msvcrt.dll
0x00007ffc05d20000 - 0x00007ffc05d7b000 	C:\Windows\system32\sechost.dll
0x00007ffc03ca0000 - 0x00007ffc03dc6000 	C:\Windows\system32\RPCRT4.dll
0x00007ffc03850000 - 0x00007ffc0399e000 	C:\Windows\system32\USER32.dll
0x00007ffc039a0000 - 0x00007ffc03b25000 	C:\Windows\system32\GDI32.dll
0x00007ffbfa430000 - 0x00007ffbfa6a4000 	C:\Windows\WinSxS\amd64_microsoft.windows.common-controls_6595b64144ccf1df_6.0.10240.16384_none_f41f7b285750ef43\COMCTL32.dll
0x00007ffc05d80000 - 0x00007ffc05db6000 	C:\Windows\system32\IMM32.DLL
0x00007ffc03b30000 - 0x00007ffc03c8c000 	C:\Windows\system32\MSCTF.dll
0x000000006cc60000 - 0x000000006cd32000 	C:\Program Files\Android\Android Studio\jre\jre\bin\msvcr100.dll
0x000000006cd40000 - 0x000000006d57c000 	C:\Program Files\Android\Android Studio\jre\jre\bin\server\jvm.dll
0x00007ffc05dc0000 - 0x00007ffc05dc8000 	C:\Windows\system32\PSAPI.DLL
0x00007ffbf6220000 - 0x00007ffbf6243000 	C:\Windows\SYSTEM32\WINMM.dll
0x00007ffbf4ca0000 - 0x00007ffbf4ca9000 	C:\Windows\SYSTEM32\WSOCK32.dll
0x00007ffbfa6b0000 - 0x00007ffbfa6ba000 	C:\Windows\SYSTEM32\VERSION.dll
0x00007ffc05dd0000 - 0x00007ffc05e39000 	C:\Windows\system32\WS2_32.dll
0x00007ffc03c90000 - 0x00007ffc03c98000 	C:\Windows\system32\NSI.dll
0x00007ffbf6920000 - 0x00007ffbf694c000 	C:\Windows\SYSTEM32\WINMMBASE.dll
0x00007ffc03570000 - 0x00007ffc035b4000 	C:\Windows\system32\cfgmgr32.dll
0x00007ffc014c0000 - 0x00007ffc014e7000 	C:\Windows\SYSTEM32\DEVOBJ.dll
0x00007ffbfad20000 - 0x00007ffbfad2f000 	C:\Program Files\Android\Android Studio\jre\jre\bin\verify.dll
0x00007ffbfa2b0000 - 0x00007ffbfa2d9000 	C:\Program Files\Android\Android Studio\jre\jre\bin\java.dll
0x00007ffbf9690000 - 0x00007ffbf96a6000 	C:\Program Files\Android\Android Studio\jre\jre\bin\zip.dll
0x00007ffc04530000 - 0x00007ffc05a55000 	C:\Windows\system32\SHELL32.dll
0x00007ffc02ca0000 - 0x00007ffc032c8000 	C:\Windows\system32\windows.storage.dll
0x00007ffc04240000 - 0x00007ffc044bc000 	C:\Windows\system32\combase.dll
0x00007ffc044c0000 - 0x00007ffc04511000 	C:\Windows\system32\shlwapi.dll
0x00007ffc02b90000 - 0x00007ffc02b9f000 	C:\Windows\system32\kernel.appcore.dll
0x00007ffc032d0000 - 0x00007ffc03383000 	C:\Windows\system32\shcore.dll
0x00007ffc02ba0000 - 0x00007ffc02bea000 	C:\Windows\system32\powrprof.dll
0x00007ffc02b50000 - 0x00007ffc02b63000 	C:\Windows\system32\profapi.dll
0x00007ffbf5e60000 - 0x00007ffbf5e7a000 	C:\Program Files\Android\Android Studio\jre\jre\bin\net.dll
0x00007ffc02360000 - 0x00007ffc023bd000 	C:\Windows\system32\mswsock.dll
0x00007ffbf5760000 - 0x00007ffbf5771000 	C:\Program Files\Android\Android Studio\jre\jre\bin\nio.dll
0x00007ffc00fd0000 - 0x00007ffc00fee000 	C:\Users\Mahesh\.gradle\native\23\windows-amd64\native-platform.dll
0x00007ffc023c0000 - 0x00007ffc023d7000 	C:\Windows\SYSTEM32\CRYPTSP.dll
0x00007ffc02a80000 - 0x00007ffc02aa8000 	C:\Windows\SYSTEM32\bcrypt.dll
0x00007ffc02010000 - 0x00007ffc02043000 	C:\Windows\system32\rsaenh.dll
0x00007ffc021f0000 - 0x00007ffc0220f000 	C:\Windows\SYSTEM32\USERENV.dll
0x00007ffc02970000 - 0x00007ffc029db000 	C:\Windows\system32\bcryptprimitives.dll
0x00007ffc02530000 - 0x00007ffc0253b000 	C:\Windows\SYSTEM32\CRYPTBASE.dll
0x00007ffbfe440000 - 0x00007ffbfe478000 	C:\Windows\SYSTEM32\IPHLPAPI.DLL
0x00007ffbfe4d0000 - 0x00007ffbfe4db000 	C:\Windows\SYSTEM32\WINNSI.DLL
0x00007ffbfb410000 - 0x00007ffbfb426000 	C:\Windows\SYSTEM32\dhcpcsvc6.DLL
0x00007ffbfd4a0000 - 0x00007ffbfd4ba000 	C:\Windows\SYSTEM32\dhcpcsvc.DLL
0x00007ffbfa410000 - 0x00007ffbfa41d000 	C:\Program Files\Android\Android Studio\jre\jre\bin\management.dll

VM Arguments:
jvm_args: -Xmx1536m -Dfile.encoding=windows-1252 -Duser.country=US -Duser.language=en -Duser.variant 
java_command: org.gradle.launcher.daemon.bootstrap.GradleDaemon 3.3
java_class_path (initial): C:\Users\Mahesh\.gradle\wrapper\dists\gradle-3.3-all\55gk2rcmfc6p2dg9u9ohc3hw9\gradle-3.3\lib\gradle-launcher-3.3.jar
Launcher Type: SUN_STANDARD

Environment Variables:
PATH=C:\ProgramData\Oracle\Java\javapath;C:\Program Files\Broadcom\Broadcom 802.11 Network Adapter;;C:\Windows\system32;C:\Windows;C:\Windows\System32\Wbem;C:\Windows\System32\WindowsPowerShell\v1.0\;C:\Program Files\WIDCOMM\Bluetooth Software\;C:\Program Files\WIDCOMM\Bluetooth Software\syswow64;C:\Program Files (x86)\Common Files\lenovo\easyplussdk\bin;C:\@hackermode\bin;C:\Program Files\nodejs\;C:\Ruby23-x64\bin;C:\Program Files\Java\jdk1.8.0_112\bin;C:\Users\Mahesh\AppData\Roaming\npm;C:\Program Files (x86)\Microsoft VS Code\bin
USERNAME=Mahesh
OS=Windows_NT
PROCESSOR_IDENTIFIER=Intel64 Family 6 Model 58 Stepping 9, GenuineIntel



---------------  S Y S T E M  ---------------

OS: Windows 10.0 , 64 bit Build 10240 (10.0.10240.16384)

CPU:total 4 (2 cores per cpu, 2 threads per core) family 6 model 58 stepping 9, cmov, cx8, fxsr, mmx, sse, sse2, sse3, ssse3, sse4.1, sse4.2, popcnt, avx, clmul, erms, ht, tsc, tscinvbit, tscinv

Memory: 4k page, physical 8264500k(4560612k free), swap 20992048k(5900k free)

vm_info: OpenJDK 64-Bit Server VM (25.112-b06) for windows-amd64 JRE (1.8.0_112-release-b06), built on Dec  8 2016 00:54:26 by "builder" with MS VC++ 10.0 (VS2010)

time: Wed Apr 12 11:45:24 2017
elapsed time: 3 seconds (0d 0h 0m 3s)

