[0327/132221.610:ERROR:crash_report_database_win.cc(563)] CreateDirectory C:\Program Files (x86)\temp: Access is denied. (0x5)
[0327/132221.720:ERROR:registration_protocol_win.cc(83)] TransactNamedPipe: The pipe has been ended. (0x6D)
[0327/132221.782:ERROR:crashpad_win.cc(223)] Crashpad handler failed to start, crash reporting disabled
[0327/132249.101:ERROR:crash_report_database_win.cc(563)] CreateDirectory C:\Program Files (x86)\temp: Access is denied. (0x5)
[0327/132249.179:ERROR:registration_protocol_win.cc(83)] TransactNamedPipe: The pipe has been ended. (0x6D)
[0327/132249.226:ERROR:crashpad_win.cc(223)] Crashpad handler failed to start, crash reporting disabled
[0327/203740.578:ERROR:crash_report_database_win.cc(563)] CreateDirectory C:\Program Files (x86)\temp: Access is denied. (0x5)
[0327/203740.578:ERROR:crash_report_database_win.cc(563)] CreateDirectory C:\Program Files (x86)\temp: Access is denied. (0x5)
[0327/203740.593:ERROR:crash_report_database_win.cc(563)] CreateDirectory C:\Program Files (x86)\temp: Access is denied. (0x5)
[0327/203740.593:ERROR:crash_report_database_win.cc(563)] CreateDirectory C:\Program Files (x86)\temp: Access is denied. (0x5)
[0327/203740.656:ERROR:crash_report_database_win.cc(563)] CreateDirectory C:\Program Files (x86)\temp: Access is denied. (0x5)
[0327/203740.671:ERROR:crash_report_database_win.cc(563)] CreateDirectory C:\Program Files (x86)\temp: Access is denied. (0x5)
[0327/203740.718:ERROR:crash_report_database_win.cc(563)] CreateDirectory C:\Program Files (x86)\temp: Access is denied. (0x5)
[0327/203740.750:ERROR:crash_report_database_win.cc(563)] CreateDirectory C:\Program Files (x86)\temp: Access is denied. (0x5)
[0327/203740.750:ERROR:crash_report_database_win.cc(563)] CreateDirectory C:\Program Files (x86)\temp: Access is denied. (0x5)
[0327/203740.765:ERROR:crash_report_database_win.cc(563)] CreateDirectory C:\Program Files (x86)\temp: Access is denied. (0x5)
[0327/203740.796:ERROR:crash_report_database_win.cc(563)] CreateDirectory C:\Program Files (x86)\temp: Access is denied. (0x5)
[0327/203740.796:ERROR:crash_report_database_win.cc(563)] CreateDirectory C:\Program Files (x86)\temp: Access is denied. (0x5)
[0327/203740.828:ERROR:crash_report_database_win.cc(563)] CreateDirectory C:\Program Files (x86)\temp: Access is denied. (0x5)
[0327/203740.828:ERROR:registration_protocol_win.cc(83)] TransactNamedPipe: The pipe has been ended. (0x6D)
[0327/203740.843:ERROR:crash_report_database_win.cc(563)] CreateDirectory C:\Program Files (x86)\temp: Access is denied. (0x5)
[0327/203826.075:ERROR:crash_report_database_win.cc(563)] CreateDirectory C:\Program Files (x86)\temp: Access is denied. (0x5)
[0327/203826.091:ERROR:crash_report_database_win.cc(563)] CreateDirectory C:\Program Files (x86)\temp: Access is denied. (0x5)
[0327/203826.091:ERROR:crash_report_database_win.cc(563)] CreateDirectory C:\Program Files (x86)\temp: Access is denied. (0x5)
[0327/203826.106:ERROR:crash_report_database_win.cc(563)] CreateDirectory C:\Program Files (x86)\temp: Access is denied. (0x5)
[0327/203826.106:ERROR:crash_report_database_win.cc(563)] CreateDirectory C:\Program Files (x86)\temp: Access is denied. (0x5)
[0327/203826.138:ERROR:crash_report_database_win.cc(563)] CreateDirectory C:\Program Files (x86)\temp: Access is denied. (0x5)
[0327/203826.153:ERROR:crash_report_database_win.cc(563)] CreateDirectory C:\Program Files (x86)\temp: Access is denied. (0x5)
[0327/203826.356:ERROR:crash_report_database_win.cc(563)] CreateDirectory C:\Program Files (x86)\temp: Access is denied. (0x5)
[0327/203826.388:ERROR:registration_protocol_win.cc(83)] TransactNamedPipe: The pipe has been ended. (0x6D)
[0327/203826.403:ERROR:registration_protocol_win.cc(83)] TransactNamedPipe: The pipe has been ended. (0x6D)
[0327/203826.403:ERROR:registration_protocol_win.cc(83)] TransactNamedPipe: The pipe has been ended. (0x6D)
[0327/203826.403:ERROR:registration_protocol_win.cc(83)] TransactNamedPipe: The pipe has been ended. (0x6D)
[0327/203826.403:ERROR:registration_protocol_win.cc(83)] TransactNamedPipe: The pipe has been ended. (0x6D)
[0327/203826.419:ERROR:registration_protocol_win.cc(83)] TransactNamedPipe: The pipe has been ended. (0x6D)
[0327/203826.434:ERROR:registration_protocol_win.cc(83)] TransactNamedPipe: The pipe has been ended. (0x6D)
[0327/203826.513:ERROR:crashpad_win.cc(223)] Crashpad handler failed to start, crash reporting disabled
[0327/203826.559:ERROR:crashpad_win.cc(223)] Crashpad handler failed to start, crash reporting disabled
[0327/203826.700:ERROR:crashpad_win.cc(223)] Crashpad handler failed to start, crash reporting disabled
[0327/203826.778:ERROR:crashpad_win.cc(223)] Crashpad handler failed to start, crash reporting disabled
[0327/203826.778:ERROR:crashpad_win.cc(223)] Crashpad handler failed to start, crash reporting disabled
[0327/203826.778:ERROR:crashpad_win.cc(223)] Crashpad handler failed to start, crash reporting disabled
[0327/203826.919:ERROR:crashpad_win.cc(223)] Crashpad handler failed to start, crash reporting disabled
[0327/203847.916:ERROR:crash_report_database_win.cc(563)] CreateDirectory C:\Program Files (x86)\temp: Access is denied. (0x5)
[0327/203848.010:ERROR:registration_protocol_win.cc(83)] TransactNamedPipe: The pipe has been ended. (0x6D)
[0327/203848.104:ERROR:crashpad_win.cc(223)] Crashpad handler failed to start, crash reporting disabled
[0327/203853.499:ERROR:crash_report_database_win.cc(563)] CreateDirectory C:\Program Files (x86)\temp: Access is denied. (0x5)
[0327/203853.577:ERROR:registration_protocol_win.cc(83)] TransactNamedPipe: The pipe has been ended. (0x6D)
[0327/203853.608:ERROR:crashpad_win.cc(223)] Crashpad handler failed to start, crash reporting disabled
[0327/203901.419:ERROR:crash_report_database_win.cc(563)] CreateDirectory C:\Program Files (x86)\temp: Access is denied. (0x5)
[0327/203901.497:ERROR:registration_protocol_win.cc(83)] TransactNamedPipe: The pipe has been ended. (0x6D)
[0327/203901.529:ERROR:crashpad_win.cc(223)] Crashpad handler failed to start, crash reporting disabled
[0327/203903.663:ERROR:crash_report_database_win.cc(563)] CreateDirectory C:\Program Files (x86)\temp: Access is denied. (0x5)
[0327/203903.741:ERROR:registration_protocol_win.cc(83)] TransactNamedPipe: The pipe has been ended. (0x6D)
[0327/203903.772:ERROR:crashpad_win.cc(223)] Crashpad handler failed to start, crash reporting disabled
[0327/203906.526:ERROR:crash_report_database_win.cc(563)] CreateDirectory C:\Program Files (x86)\temp: Access is denied. (0x5)
[0327/203906.604:ERROR:registration_protocol_win.cc(83)] TransactNamedPipe: The pipe has been ended. (0x6D)
[0327/203906.635:ERROR:crashpad_win.cc(223)] Crashpad handler failed to start, crash reporting disabled
[0327/203908.673:ERROR:crash_report_database_win.cc(563)] CreateDirectory C:\Program Files (x86)\temp: Access is denied. (0x5)
[0327/203908.751:ERROR:registration_protocol_win.cc(83)] TransactNamedPipe: The pipe has been ended. (0x6D)
[0327/203908.767:ERROR:crashpad_win.cc(223)] Crashpad handler failed to start, crash reporting disabled
[0327/203910.502:ERROR:crash_report_database_win.cc(563)] CreateDirectory C:\Program Files (x86)\temp: Access is denied. (0x5)
[0327/203910.581:ERROR:registration_protocol_win.cc(83)] TransactNamedPipe: The pipe has been ended. (0x6D)
[0327/203910.617:ERROR:crashpad_win.cc(223)] Crashpad handler failed to start, crash reporting disabled
[0327/203912.270:ERROR:crash_report_database_win.cc(563)] CreateDirectory C:\Program Files (x86)\temp: Access is denied. (0x5)
[0327/203912.348:ERROR:registration_protocol_win.cc(83)] TransactNamedPipe: The pipe has been ended. (0x6D)
[0327/203912.395:ERROR:crashpad_win.cc(223)] Crashpad handler failed to start, crash reporting disabled
[0328/045052.545:ERROR:crash_report_database_win.cc(563)] CreateDirectory C:\Program Files (x86)\temp: Access is denied. (0x5)
[0328/045052.576:ERROR:crash_report_database_win.cc(563)] CreateDirectory C:\Program Files (x86)\temp: Access is denied. (0x5)
[0328/045052.607:ERROR:crash_report_database_win.cc(563)] CreateDirectory C:\Program Files (x86)\temp: Access is denied. (0x5)
[0328/045052.639:ERROR:crash_report_database_win.cc(563)] CreateDirectory C:\Program Files (x86)\temp: Access is denied. (0x5)
[0328/045052.686:ERROR:registration_protocol_win.cc(83)] TransactNamedPipe: The pipe has been ended. (0x6D)
[0328/045052.732:ERROR:crash_report_database_win.cc(563)] CreateDirectory C:\Program Files (x86)\temp: Access is denied. (0x5)
[0328/045052.764:ERROR:registration_protocol_win.cc(83)] TransactNamedPipe: The pipe has been ended. (0x6D)
[0328/045052.811:ERROR:registration_protocol_win.cc(83)] TransactNamedPipe: The pipe has been ended. (0x6D)
[0328/045052.826:ERROR:crash_report_database_win.cc(563)] CreateDirectory C:\Program Files (x86)\temp: Access is denied. (0x5)
[0328/045052.857:ERROR:crashpad_win.cc(223)] Crashpad handler failed to start, crash reporting disabled
[0328/045052.857:ERROR:crash_report_database_win.cc(563)] CreateDirectory C:\Program Files (x86)\temp: Access is denied. (0x5)
[0328/045052.873:ERROR:crash_report_database_win.cc(563)] CreateDirectory C:\Program Files (x86)\temp: Access is denied. (0x5)
[0328/045052.873:ERROR:registration_protocol_win.cc(83)] TransactNamedPipe: The pipe has been ended. (0x6D)
[0328/045052.889:ERROR:crashpad_win.cc(223)] Crashpad handler failed to start, crash reporting disabled
[0328/045052.920:ERROR:crash_report_database_win.cc(563)] CreateDirectory C:\Program Files (x86)\temp: Access is denied. (0x5)
[0328/045052.936:ERROR:registration_protocol_win.cc(83)] TransactNamedPipe: The pipe has been ended. (0x6D)
[0328/045052.982:ERROR:crashpad_win.cc(223)] Crashpad handler failed to start, crash reporting disabled
[0328/045053.107:ERROR:crash_report_database_win.cc(563)] CreateDirectory C:\Program Files (x86)\temp: Access is denied. (0x5)
[0328/045053.107:ERROR:crashpad_win.cc(223)] Crashpad handler failed to start, crash reporting disabled
[0328/045053.233:ERROR:registration_protocol_win.cc(83)] TransactNamedPipe: The pipe has been ended. (0x6D)
[0328/045053.264:ERROR:registration_protocol_win.cc(83)] TransactNamedPipe: The pipe has been ended. (0x6D)
[0328/045053.342:ERROR:crashpad_win.cc(223)] Crashpad handler failed to start, crash reporting disabled
[0328/045053.451:ERROR:crashpad_win.cc(223)] Crashpad handler failed to start, crash reporting disabled
[0328/045053.483:ERROR:crashpad_win.cc(223)] Crashpad handler failed to start, crash reporting disabled
[0328/045053.576:ERROR:registration_protocol_win.cc(83)] TransactNamedPipe: The pipe has been ended. (0x6D)
[0328/045053.717:ERROR:crashpad_win.cc(223)] Crashpad handler failed to start, crash reporting disabled
[0328/045101.394:ERROR:crash_report_database_win.cc(563)] CreateDirectory C:\Program Files (x86)\temp: Access is denied. (0x5)
[0328/045101.488:ERROR:registration_protocol_win.cc(83)] TransactNamedPipe: The pipe has been ended. (0x6D)
[0328/045101.551:ERROR:crashpad_win.cc(223)] Crashpad handler failed to start, crash reporting disabled
[0328/045118.855:ERROR:crash_report_database_win.cc(563)] CreateDirectory C:\Program Files (x86)\temp: Access is denied. (0x5)
[0328/045118.933:ERROR:registration_protocol_win.cc(83)] TransactNamedPipe: The pipe has been ended. (0x6D)
[0328/045118.980:ERROR:crashpad_win.cc(223)] Crashpad handler failed to start, crash reporting disabled
[0328/095535.398:ERROR:crash_report_database_win.cc(563)] CreateDirectory C:\Program Files (x86)\temp: Access is denied. (0x5)
[0328/095535.492:ERROR:registration_protocol_win.cc(83)] TransactNamedPipe: The pipe has been ended. (0x6D)
[0328/095535.523:ERROR:crashpad_win.cc(223)] Crashpad handler failed to start, crash reporting disabled
[0328/095549.680:ERROR:crash_report_database_win.cc(563)] CreateDirectory C:\Program Files (x86)\temp: Access is denied. (0x5)
[0328/095549.758:ERROR:registration_protocol_win.cc(83)] TransactNamedPipe: The pipe has been ended. (0x6D)
[0328/095549.805:ERROR:crashpad_win.cc(223)] Crashpad handler failed to start, crash reporting disabled
[0328/095711.554:ERROR:crash_report_database_win.cc(563)] CreateDirectory C:\Program Files (x86)\temp: Access is denied. (0x5)
[0328/095711.663:ERROR:registration_protocol_win.cc(60)] WaitNamedPipe: The system cannot find the file specified. (0x2)
[0328/095711.710:ERROR:crashpad_win.cc(223)] Crashpad handler failed to start, crash reporting disabled
[0328/113343.795:ERROR:crash_report_database_win.cc(563)] CreateDirectory C:\Program Files (x86)\temp: Access is denied. (0x5)
[0328/113343.902:ERROR:crash_report_database_win.cc(563)] CreateDirectory C:\Program Files (x86)\temp: Access is denied. (0x5)
[0328/113343.934:ERROR:registration_protocol_win.cc(83)] TransactNamedPipe: The pipe has been ended. (0x6D)
[0331/230215.958:ERROR:file_io_win.cc(163)] CreateFile C:\Program Files (x86)\temp\settings.dat: Access is denied. (0x5)
[0331/230216.151:ERROR:registration_protocol_win.cc(83)] TransactNamedPipe: The pipe has been ended. (0x6D)
[0331/230217.068:ERROR:crashpad_win.cc(223)] Crashpad handler failed to start, crash reporting disabled
